2023-01-05T11:42:27.559Z - [INFO   ] - [object Object]
2023-01-05T11:42:28.798Z - [INFO   ] - [object Object]
2023-01-05T11:42:28.799Z - [INFO   ] - [object Object]
2023-01-05T11:50:15.751Z - [INFO   ] - [object Object]
2023-01-05T11:50:17.028Z - [INFO   ] - {"name":"India","topLevelDomain":[".in"],"alpha2Code":"IN","alpha3Code":"IND","callingCodes":["91"],"capital":"New Delhi","altSpellings":["IN","Bhārat","Republic of India","Bharat Ganrajya"],"subregion":"Southern Asia","region":"Asia","population":1380004385,"latlng":[20,77],"demonym":"Indian","area":3287590,"gini":35.7,"timezones":["UTC+05:30"],"borders":["AFG","BGD","BTN","MMR","CHN","NPL","PAK","LKA"],"nativeName":"भारत","numericCode":"356","flags":{"svg":"https://flagcdn.com/in.svg","png":"https://flagcdn.com/w320/in.png"},"currencies":[{"code":"INR","name":"Indian rupee","symbol":"₹"}],"languages":[{"iso639_1":"hi","iso639_2":"hin","name":"Hindi","nativeName":"हिन्दी"},{"iso639_1":"en","iso639_2":"eng","name":"English","nativeName":"English"}],"translations":{"br":"India","pt":"Índia","nl":"India","hr":"Indija","fa":"هند","de":"Indien","es":"India","fr":"Inde","ja":"インド","it":"India","hu":"India"},"flag":"https://flagcdn.com/in.svg","regionalBlocs":[{"acronym":"SAARC","name":"South Asian Association for Regional Cooperation"}],"cioc":"IND","independent":true}
2023-01-05T11:50:17.034Z - [INFO   ] - {"location":{"name":"Hubli","region":"Karnataka","country":"India","tz_id":"Asia/Kolkata","localtime":"2023-01-05 17:20"},"weatherInfo":{"temp_c":27.3,"temp_f":81.1,"condition":{"text":"Sunny","icon":"//cdn.weatherapi.com/weather/64x64/day/113.png","code":1000},"humidity":37},"countryInfo":{"name":"India","capital":"New Delhi","subregion":"Southern Asia","region":"Asia","population":1380004385,"currencies":[{"code":"INR","name":"Indian rupee","symbol":"₹"}]}}
2023-01-05T11:52:01.106Z - [INFO   ] - {"location":{"name":"Hubli","region":"Karnataka","country":"India","lat":15.35,"lon":75.17,"tz_id":"Asia/Kolkata","localtime_epoch":1672919444,"localtime":"2023-01-05 17:20"},"current":{"last_updated_epoch":1672919100,"last_updated":"2023-01-05 17:15","temp_c":27.3,"temp_f":81.1,"is_day":1,"condition":{"text":"Sunny","icon":"//cdn.weatherapi.com/weather/64x64/day/113.png","code":1000},"wind_mph":11.9,"wind_kph":19.1,"wind_degree":107,"wind_dir":"ESE","pressure_mb":1013,"pressure_in":29.93,"precip_mm":0,"precip_in":0,"humidity":37,"cloud":9,"feelslike_c":26.9,"feelslike_f":80.4,"vis_km":10,"vis_miles":6,"uv":7,"gust_mph":15.2,"gust_kph":24.5}}
2023-01-05T11:52:02.170Z - [INFO   ] - {"name":"India","topLevelDomain":[".in"],"alpha2Code":"IN","alpha3Code":"IND","callingCodes":["91"],"capital":"New Delhi","altSpellings":["IN","Bhārat","Republic of India","Bharat Ganrajya"],"subregion":"Southern Asia","region":"Asia","population":1380004385,"latlng":[20,77],"demonym":"Indian","area":3287590,"gini":35.7,"timezones":["UTC+05:30"],"borders":["AFG","BGD","BTN","MMR","CHN","NPL","PAK","LKA"],"nativeName":"भारत","numericCode":"356","flags":{"svg":"https://flagcdn.com/in.svg","png":"https://flagcdn.com/w320/in.png"},"currencies":[{"code":"INR","name":"Indian rupee","symbol":"₹"}],"languages":[{"iso639_1":"hi","iso639_2":"hin","name":"Hindi","nativeName":"हिन्दी"},{"iso639_1":"en","iso639_2":"eng","name":"English","nativeName":"English"}],"translations":{"br":"India","pt":"Índia","nl":"India","hr":"Indija","fa":"هند","de":"Indien","es":"India","fr":"Inde","ja":"インド","it":"India","hu":"India"},"flag":"https://flagcdn.com/in.svg","regionalBlocs":[{"acronym":"SAARC","name":"South Asian Association for Regional Cooperation"}],"cioc":"IND","independent":true}
2023-01-05T11:52:02.172Z - [INFO   ] - {"location":{"name":"Hubli","region":"Karnataka","country":"India","tz_id":"Asia/Kolkata","localtime":"2023-01-05 17:20"},"weatherInfo":{"temp_c":27.3,"temp_f":81.1,"condition":{"text":"Sunny","icon":"//cdn.weatherapi.com/weather/64x64/day/113.png","code":1000},"humidity":37},"countryInfo":{"name":"India","capital":"New Delhi","subregion":"Southern Asia","region":"Asia","population":1380004385,"currencies":[{"code":"INR","name":"Indian rupee","symbol":"₹"}]}}
2023-01-05T11:52:39.393Z - [ERROR  ] - City Name must be alphabetic value.
2023-01-05T11:53:24.035Z - [ERROR  ] - [object Object]
2023-01-05T11:55:03.285Z - [ERROR  ] - Request failed with status code 400
2023-01-05T12:19:11.164Z - [ERROR  ] - Request failed with status code 400
2023-01-05T14:16:10.955Z - [INFO   ] - {"location":{"name":"Hubli","region":"Karnataka","country":"India","lat":15.35,"lon":75.17,"tz_id":"Asia/Kolkata","localtime_epoch":1672928199,"localtime":"2023-01-05 19:46"},"current":{"last_updated_epoch":1672928100,"last_updated":"2023-01-05 19:45","temp_c":24.1,"temp_f":75.4,"is_day":0,"condition":{"text":"Clear","icon":"//cdn.weatherapi.com/weather/64x64/night/113.png","code":1000},"wind_mph":8.9,"wind_kph":14.4,"wind_degree":106,"wind_dir":"ESE","pressure_mb":1016,"pressure_in":29.99,"precip_mm":0,"precip_in":0,"humidity":46,"cloud":11,"feelslike_c":25.1,"feelslike_f":77.2,"vis_km":10,"vis_miles":6,"uv":1,"gust_mph":16.3,"gust_kph":26.3}}
2023-01-05T14:16:12.469Z - [INFO   ] - {"name":"India","topLevelDomain":[".in"],"alpha2Code":"IN","alpha3Code":"IND","callingCodes":["91"],"capital":"New Delhi","altSpellings":["IN","Bhārat","Republic of India","Bharat Ganrajya"],"subregion":"Southern Asia","region":"Asia","population":1380004385,"latlng":[20,77],"demonym":"Indian","area":3287590,"gini":35.7,"timezones":["UTC+05:30"],"borders":["AFG","BGD","BTN","MMR","CHN","NPL","PAK","LKA"],"nativeName":"भारत","numericCode":"356","flags":{"svg":"https://flagcdn.com/in.svg","png":"https://flagcdn.com/w320/in.png"},"currencies":[{"code":"INR","name":"Indian rupee","symbol":"₹"}],"languages":[{"iso639_1":"hi","iso639_2":"hin","name":"Hindi","nativeName":"हिन्दी"},{"iso639_1":"en","iso639_2":"eng","name":"English","nativeName":"English"}],"translations":{"br":"India","pt":"Índia","nl":"India","hr":"Indija","fa":"هند","de":"Indien","es":"India","fr":"Inde","ja":"インド","it":"India","hu":"India"},"flag":"https://flagcdn.com/in.svg","regionalBlocs":[{"acronym":"SAARC","name":"South Asian Association for Regional Cooperation"}],"cioc":"IND","independent":true}
2023-01-05T14:16:12.474Z - [INFO   ] - {"location":{"name":"Hubli","region":"Karnataka","country":"India","tz_id":"Asia/Kolkata","localtime":"2023-01-05 19:46"},"weatherInfo":{"temp_c":24.1,"temp_f":75.4,"condition":{"text":"Clear","icon":"//cdn.weatherapi.com/weather/64x64/night/113.png","code":1000},"humidity":46},"countryInfo":{"name":"India","capital":"New Delhi","subregion":"Southern Asia","region":"Asia","population":1380004385,"currencies":[{"code":"INR","name":"Indian rupee","symbol":"₹"}]}}
2023-01-05T14:21:08.886Z - [INFO   ] - {"location":{"name":"Hubli","region":"Karnataka","country":"India","lat":15.35,"lon":75.17,"tz_id":"Asia/Kolkata","localtime_epoch":1672928497,"localtime":"2023-01-05 19:51"},"current":{"last_updated_epoch":1672928100,"last_updated":"2023-01-05 19:45","temp_c":24.1,"temp_f":75.4,"is_day":0,"condition":{"text":"Clear","icon":"//cdn.weatherapi.com/weather/64x64/night/113.png","code":1000},"wind_mph":8.9,"wind_kph":14.4,"wind_degree":106,"wind_dir":"ESE","pressure_mb":1016,"pressure_in":29.99,"precip_mm":0,"precip_in":0,"humidity":46,"cloud":11,"feelslike_c":25.1,"feelslike_f":77.2,"vis_km":10,"vis_miles":6,"uv":1,"gust_mph":16.3,"gust_kph":26.3}}
2023-01-05T14:21:10.168Z - [INFO   ] - {"name":"India","topLevelDomain":[".in"],"alpha2Code":"IN","alpha3Code":"IND","callingCodes":["91"],"capital":"New Delhi","altSpellings":["IN","Bhārat","Republic of India","Bharat Ganrajya"],"subregion":"Southern Asia","region":"Asia","population":1380004385,"latlng":[20,77],"demonym":"Indian","area":3287590,"gini":35.7,"timezones":["UTC+05:30"],"borders":["AFG","BGD","BTN","MMR","CHN","NPL","PAK","LKA"],"nativeName":"भारत","numericCode":"356","flags":{"svg":"https://flagcdn.com/in.svg","png":"https://flagcdn.com/w320/in.png"},"currencies":[{"code":"INR","name":"Indian rupee","symbol":"₹"}],"languages":[{"iso639_1":"hi","iso639_2":"hin","name":"Hindi","nativeName":"हिन्दी"},{"iso639_1":"en","iso639_2":"eng","name":"English","nativeName":"English"}],"translations":{"br":"India","pt":"Índia","nl":"India","hr":"Indija","fa":"هند","de":"Indien","es":"India","fr":"Inde","ja":"インド","it":"India","hu":"India"},"flag":"https://flagcdn.com/in.svg","regionalBlocs":[{"acronym":"SAARC","name":"South Asian Association for Regional Cooperation"}],"cioc":"IND","independent":true}
2023-01-05T14:21:10.171Z - [INFO   ] - {"location":{"name":"Hubli","region":"Karnataka","country":"India","tz_id":"Asia/Kolkata","localtime":"2023-01-05 19:51"},"weatherInfo":{"temp_c":24.1,"temp_f":75.4,"condition":{"text":"Clear","icon":"//cdn.weatherapi.com/weather/64x64/night/113.png","code":1000},"humidity":46},"countryInfo":{"name":"India","capital":"New Delhi","subregion":"Southern Asia","region":"Asia","population":1380004385,"currencies":[{"code":"INR","name":"Indian rupee","symbol":"₹"}]}}
2023-01-05T14:23:10.416Z - [INFO   ] - {"location":{"name":"Hubli","region":"Karnataka","country":"India","lat":15.35,"lon":75.17,"tz_id":"Asia/Kolkata","localtime_epoch":1672928497,"localtime":"2023-01-05 19:51"},"current":{"last_updated_epoch":1672928100,"last_updated":"2023-01-05 19:45","temp_c":24.1,"temp_f":75.4,"is_day":0,"condition":{"text":"Clear","icon":"//cdn.weatherapi.com/weather/64x64/night/113.png","code":1000},"wind_mph":8.9,"wind_kph":14.4,"wind_degree":106,"wind_dir":"ESE","pressure_mb":1016,"pressure_in":29.99,"precip_mm":0,"precip_in":0,"humidity":46,"cloud":11,"feelslike_c":25.1,"feelslike_f":77.2,"vis_km":10,"vis_miles":6,"uv":1,"gust_mph":16.3,"gust_kph":26.3}}
2023-01-05T14:24:35.557Z - [INFO   ] - {"location":{"name":"Hubli","region":"Karnataka","country":"India","lat":15.35,"lon":75.17,"tz_id":"Asia/Kolkata","localtime_epoch":1672928703,"localtime":"2023-01-05 19:55"},"current":{"last_updated_epoch":1672928100,"last_updated":"2023-01-05 19:45","temp_c":24.1,"temp_f":75.4,"is_day":0,"condition":{"text":"Clear","icon":"//cdn.weatherapi.com/weather/64x64/night/113.png","code":1000},"wind_mph":8.9,"wind_kph":14.4,"wind_degree":106,"wind_dir":"ESE","pressure_mb":1016,"pressure_in":29.99,"precip_mm":0,"precip_in":0,"humidity":46,"cloud":11,"feelslike_c":25.1,"feelslike_f":77.2,"vis_km":10,"vis_miles":6,"uv":1,"gust_mph":16.3,"gust_kph":26.3}}
2023-01-05T14:24:36.700Z - [INFO   ] - {"name":"India","topLevelDomain":[".in"],"alpha2Code":"IN","alpha3Code":"IND","callingCodes":["91"],"capital":"New Delhi","altSpellings":["IN","Bhārat","Republic of India","Bharat Ganrajya"],"subregion":"Southern Asia","region":"Asia","population":1380004385,"latlng":[20,77],"demonym":"Indian","area":3287590,"gini":35.7,"timezones":["UTC+05:30"],"borders":["AFG","BGD","BTN","MMR","CHN","NPL","PAK","LKA"],"nativeName":"भारत","numericCode":"356","flags":{"svg":"https://flagcdn.com/in.svg","png":"https://flagcdn.com/w320/in.png"},"currencies":[{"code":"INR","name":"Indian rupee","symbol":"₹"}],"languages":[{"iso639_1":"hi","iso639_2":"hin","name":"Hindi","nativeName":"हिन्दी"},{"iso639_1":"en","iso639_2":"eng","name":"English","nativeName":"English"}],"translations":{"br":"India","pt":"Índia","nl":"India","hr":"Indija","fa":"هند","de":"Indien","es":"India","fr":"Inde","ja":"インド","it":"India","hu":"India"},"flag":"https://flagcdn.com/in.svg","regionalBlocs":[{"acronym":"SAARC","name":"South Asian Association for Regional Cooperation"}],"cioc":"IND","independent":true}
2023-01-05T14:24:36.702Z - [INFO   ] - {"location":{"name":"Hubli","region":"Karnataka","country":"India","tz_id":"Asia/Kolkata","localtime":"2023-01-05 19:55"},"weatherInfo":{"temp_c":24.1,"temp_f":75.4,"condition":{"text":"Clear","icon":"//cdn.weatherapi.com/weather/64x64/night/113.png","code":1000},"humidity":46},"countryInfo":{"name":"India","capital":"New Delhi","subregion":"Southern Asia","region":"Asia","population":1380004385,"currencies":[{"code":"INR","name":"Indian rupee","symbol":"₹"}]}}
2023-01-05T14:46:34.249Z - [INFO   ] - {"location":{"name":"Hubli","region":"Karnataka","country":"India","lat":15.35,"lon":75.17,"tz_id":"Asia/Kolkata","localtime_epoch":1672930022,"localtime":"2023-01-05 20:17"},"current":{"last_updated_epoch":1672929900,"last_updated":"2023-01-05 20:15","temp_c":22.9,"temp_f":73.2,"is_day":0,"condition":{"text":"Clear","icon":"//cdn.weatherapi.com/weather/64x64/night/113.png","code":1000},"wind_mph":9.6,"wind_kph":15.5,"wind_degree":111,"wind_dir":"ESE","pressure_mb":1017,"pressure_in":30.02,"precip_mm":0,"precip_in":0,"humidity":47,"cloud":12,"feelslike_c":24.6,"feelslike_f":76.3,"vis_km":10,"vis_miles":6,"uv":1,"gust_mph":19.2,"gust_kph":31}}
2023-01-05T14:46:35.653Z - [INFO   ] - {"name":"India","topLevelDomain":[".in"],"alpha2Code":"IN","alpha3Code":"IND","callingCodes":["91"],"capital":"New Delhi","altSpellings":["IN","Bhārat","Republic of India","Bharat Ganrajya"],"subregion":"Southern Asia","region":"Asia","population":1380004385,"latlng":[20,77],"demonym":"Indian","area":3287590,"gini":35.7,"timezones":["UTC+05:30"],"borders":["AFG","BGD","BTN","MMR","CHN","NPL","PAK","LKA"],"nativeName":"भारत","numericCode":"356","flags":{"svg":"https://flagcdn.com/in.svg","png":"https://flagcdn.com/w320/in.png"},"currencies":[{"code":"INR","name":"Indian rupee","symbol":"₹"}],"languages":[{"iso639_1":"hi","iso639_2":"hin","name":"Hindi","nativeName":"हिन्दी"},{"iso639_1":"en","iso639_2":"eng","name":"English","nativeName":"English"}],"translations":{"br":"India","pt":"Índia","nl":"India","hr":"Indija","fa":"هند","de":"Indien","es":"India","fr":"Inde","ja":"インド","it":"India","hu":"India"},"flag":"https://flagcdn.com/in.svg","regionalBlocs":[{"acronym":"SAARC","name":"South Asian Association for Regional Cooperation"}],"cioc":"IND","independent":true}
2023-01-05T14:46:35.656Z - [INFO   ] - {"location":{"name":"Hubli","region":"Karnataka","country":"India","tz_id":"Asia/Kolkata","localtime":"2023-01-05 20:17"},"weatherInfo":{"temp_c":22.9,"temp_f":73.2,"condition":{"text":"Clear","icon":"//cdn.weatherapi.com/weather/64x64/night/113.png","code":1000},"humidity":47},"countryInfo":{"name":"India","capital":"New Delhi","subregion":"Southern Asia","region":"Asia","population":1380004385,"currencies":[{"code":"INR","name":"Indian rupee","symbol":"₹"}]}}
2023-01-05T14:47:58.243Z - [INFO   ] - {"location":{"name":"Hubli","region":"Karnataka","country":"India","lat":15.35,"lon":75.17,"tz_id":"Asia/Kolkata","localtime_epoch":1672930022,"localtime":"2023-01-05 20:17"},"current":{"last_updated_epoch":1672929900,"last_updated":"2023-01-05 20:15","temp_c":22.9,"temp_f":73.2,"is_day":0,"condition":{"text":"Clear","icon":"//cdn.weatherapi.com/weather/64x64/night/113.png","code":1000},"wind_mph":9.6,"wind_kph":15.5,"wind_degree":111,"wind_dir":"ESE","pressure_mb":1017,"pressure_in":30.02,"precip_mm":0,"precip_in":0,"humidity":47,"cloud":12,"feelslike_c":24.6,"feelslike_f":76.3,"vis_km":10,"vis_miles":6,"uv":1,"gust_mph":19.2,"gust_kph":31}}
2023-01-05T14:47:59.535Z - [INFO   ] - {"name":"India","topLevelDomain":[".in"],"alpha2Code":"IN","alpha3Code":"IND","callingCodes":["91"],"capital":"New Delhi","altSpellings":["IN","Bhārat","Republic of India","Bharat Ganrajya"],"subregion":"Southern Asia","region":"Asia","population":1380004385,"latlng":[20,77],"demonym":"Indian","area":3287590,"gini":35.7,"timezones":["UTC+05:30"],"borders":["AFG","BGD","BTN","MMR","CHN","NPL","PAK","LKA"],"nativeName":"भारत","numericCode":"356","flags":{"svg":"https://flagcdn.com/in.svg","png":"https://flagcdn.com/w320/in.png"},"currencies":[{"code":"INR","name":"Indian rupee","symbol":"₹"}],"languages":[{"iso639_1":"hi","iso639_2":"hin","name":"Hindi","nativeName":"हिन्दी"},{"iso639_1":"en","iso639_2":"eng","name":"English","nativeName":"English"}],"translations":{"br":"India","pt":"Índia","nl":"India","hr":"Indija","fa":"هند","de":"Indien","es":"India","fr":"Inde","ja":"インド","it":"India","hu":"India"},"flag":"https://flagcdn.com/in.svg","regionalBlocs":[{"acronym":"SAARC","name":"South Asian Association for Regional Cooperation"}],"cioc":"IND","independent":true}
2023-01-05T14:47:59.537Z - [INFO   ] - {"location":{"name":"Hubli","region":"Karnataka","country":"India","tz_id":"Asia/Kolkata","localtime":"2023-01-05 20:17"},"weatherInfo":{"temp_c":22.9,"temp_f":73.2,"condition":{"text":"Clear","icon":"//cdn.weatherapi.com/weather/64x64/night/113.png","code":1000},"humidity":47},"countryInfo":{"name":"India","capital":"New Delhi","subregion":"Southern Asia","region":"Asia","population":1380004385,"currencies":[{"code":"INR","name":"Indian rupee","symbol":"₹"}]}}
2023-01-05T14:48:11.052Z - [ERROR  ] - Request failed with status code 400
2023-01-05T14:48:18.845Z - [ERROR  ] - City Name must be alphabetic value.
2023-01-06T04:32:09.882Z - [INFO   ] - {}
2023-01-06T04:38:17.282Z - [INFO   ] - {}
2023-01-06T04:38:17.314Z - [ERROR  ] - City Name must be alphabetic value.
2023-01-06T04:38:17.327Z - [INFO   ] - {}
2023-01-06T04:42:39.762Z - [INFO   ] - {}
2023-01-06T04:42:39.794Z - [ERROR  ] - City Name must be alphabetic value.
2023-01-06T04:42:39.831Z - [ERROR  ] - Cannot read properties of undefined (reading 'country')
2023-01-06T04:46:03.681Z - [INFO   ] - {}
2023-01-06T04:46:03.738Z - [ERROR  ] - City Name must be alphabetic value.
2023-01-06T04:46:03.783Z - [ERROR  ] - Cannot read properties of undefined (reading 'country')
2023-01-06T04:49:14.681Z - [INFO   ] - {}
2023-01-06T04:49:14.734Z - [ERROR  ] - City Name must be alphabetic value.
2023-01-06T04:49:14.776Z - [ERROR  ] - Invalid City Name
2023-01-06T04:54:55.555Z - [INFO   ] - {}
2023-01-06T04:54:55.587Z - [ERROR  ] - City Name must be alphabetic value.
2023-01-06T04:54:55.631Z - [ERROR  ] - Invalid City Name
2023-01-06T04:56:43.846Z - [INFO   ] - {}
2023-01-06T04:56:43.884Z - [ERROR  ] - City Name must be alphabetic value.
2023-01-06T05:12:45.110Z - [ERROR  ] - City Name must be alphabetic value.
2023-01-06T05:28:02.674Z - [INFO   ] - {}
2023-01-06T05:28:02.781Z - [ERROR  ] - City Name must be alphabetic value.
2023-01-06T05:32:04.220Z - [INFO   ] - {}
2023-01-06T05:32:04.268Z - [ERROR  ] - City Name must be alphabetic value.
2023-01-06T05:32:04.307Z - [ERROR  ] - Error
2023-01-06T05:40:17.917Z - [INFO   ] - {}
2023-01-06T05:40:18.021Z - [ERROR  ] - City Name must be alphabetic value.
2023-01-06T05:40:18.056Z - [INFO   ] - {}
2023-01-06T05:41:12.306Z - [INFO   ] - {}
2023-01-06T05:41:12.383Z - [ERROR  ] - City Name must be alphabetic value.
2023-01-06T05:41:12.428Z - [INFO   ] - {}
2023-01-06T05:43:15.743Z - [INFO   ] - {}
2023-01-06T05:43:15.811Z - [ERROR  ] - City Name must be alphabetic value.
2023-01-06T05:43:15.855Z - [INFO   ] - {}
2023-01-06T05:46:57.330Z - [INFO   ] - {}
2023-01-06T05:46:57.533Z - [ERROR  ] - City Name must be alphabetic value.
2023-01-06T05:46:57.598Z - [INFO   ] - {}
2023-01-06T05:50:26.029Z - [ERROR  ] - Request failed with status code 400
2023-01-06T06:15:14.428Z - [INFO   ] - {}
2023-01-06T06:15:14.462Z - [ERROR  ] - City Name must be alphabetic value.
2023-01-06T06:15:14.509Z - [ERROR  ] - Error
2023-01-06T06:35:57.740Z - [INFO   ] - {}
2023-01-06T06:35:57.793Z - [ERROR  ] - City Name must be alphabetic value.
2023-01-06T06:35:57.844Z - [ERROR  ] - [object Object]
2023-01-06T06:49:33.391Z - [INFO   ] - {}
2023-01-06T06:49:33.428Z - [ERROR  ] - City Name must be alphabetic value.
2023-01-06T06:49:33.456Z - [ERROR  ] - [object Object]
2023-01-06T06:52:14.271Z - [INFO   ] - {}
2023-01-06T06:52:14.307Z - [ERROR  ] - City Name must be alphabetic value.
2023-01-06T06:52:14.337Z - [ERROR  ] - [object Object]
2023-01-06T06:53:20.344Z - [INFO   ] - {}
2023-01-06T06:53:20.401Z - [ERROR  ] - City Name must be alphabetic value.
2023-01-06T06:53:20.436Z - [ERROR  ] - [object Object]
2023-01-06T07:02:43.273Z - [INFO   ] - {}
2023-01-06T07:02:43.318Z - [ERROR  ] - City Name must be alphabetic value.
2023-01-06T07:02:43.349Z - [ERROR  ] - [object Object]
2023-01-06T07:08:11.579Z - [INFO   ] - {}
2023-01-06T07:08:11.639Z - [ERROR  ] - City Name must be alphabetic value.
2023-01-06T07:08:11.687Z - [ERROR  ] - [object Object]
2023-01-06T07:13:36.835Z - [INFO   ] - {}
2023-01-06T07:13:36.935Z - [ERROR  ] - City Name must be alphabetic value.
2023-01-06T07:13:37.000Z - [ERROR  ] - [object Object]
2023-01-06T07:23:08.848Z - [INFO   ] - {}
2023-01-06T07:23:08.987Z - [ERROR  ] - City Name must be alphabetic value.
2023-01-06T07:23:09.076Z - [ERROR  ] - [object Object]
2023-01-06T07:26:43.907Z - [INFO   ] - {"location":{"name":"Hubli","region":"Karnataka","country":"India","lat":15.35,"lon":75.17,"tz_id":"Asia/Kolkata","localtime_epoch":1672930022,"localtime":"2023-01-05 20:17"},"current":{"last_updated_epoch":1672929900,"last_updated":"2023-01-05 20:15","temp_c":22.9,"temp_f":73.2,"is_day":0,"condition":{"text":"Clear","icon":"//cdn.weatherapi.com/weather/64x64/night/113.png","code":1000},"wind_mph":9.6,"wind_kph":15.5,"wind_degree":111,"wind_dir":"ESE","pressure_mb":1017,"pressure_in":30.02,"precip_mm":0,"precip_in":0,"humidity":47,"cloud":12,"feelslike_c":24.6,"feelslike_f":76.3,"vis_km":10,"vis_miles":6,"uv":1,"gust_mph":19.2,"gust_kph":31}}
2023-01-06T07:26:47.460Z - [INFO   ] - {}
2023-01-06T07:26:47.536Z - [ERROR  ] - City Name must be alphabetic value.
2023-01-06T07:26:47.597Z - [ERROR  ] - [object Object]
2023-01-06T07:29:00.465Z - [INFO   ] - {"location":{"name":"Hubli","region":"Karnataka","country":"India","lat":15.35,"lon":75.17,"tz_id":"Asia/Kolkata","localtime_epoch":1672930022,"localtime":"2023-01-05 20:17"},"current":{"last_updated_epoch":1672929900,"last_updated":"2023-01-05 20:15","temp_c":22.9,"temp_f":73.2,"is_day":0,"condition":{"text":"Clear","icon":"//cdn.weatherapi.com/weather/64x64/night/113.png","code":1000},"wind_mph":9.6,"wind_kph":15.5,"wind_degree":111,"wind_dir":"ESE","pressure_mb":1017,"pressure_in":30.02,"precip_mm":0,"precip_in":0,"humidity":47,"cloud":12,"feelslike_c":24.6,"feelslike_f":76.3,"vis_km":10,"vis_miles":6,"uv":1,"gust_mph":19.2,"gust_kph":31}}
2023-01-06T07:29:01.135Z - [INFO   ] - {"name":"India","topLevelDomain":[".in"],"alpha2Code":"IN","alpha3Code":"IND","callingCodes":["91"],"capital":"New Delhi","altSpellings":["IN","Bhārat","Republic of India","Bharat Ganrajya"],"subregion":"Southern Asia","region":"Asia","population":1380004385,"latlng":[20,77],"demonym":"Indian","area":3287590,"gini":35.7,"timezones":["UTC+05:30"],"borders":["AFG","BGD","BTN","MMR","CHN","NPL","PAK","LKA"],"nativeName":"भारत","numericCode":"356","flags":{"svg":"https://flagcdn.com/in.svg","png":"https://flagcdn.com/w320/in.png"},"currencies":[{"code":"INR","name":"Indian rupee","symbol":"₹"}],"languages":[{"iso639_1":"hi","iso639_2":"hin","name":"Hindi","nativeName":"हिन्दी"},{"iso639_1":"en","iso639_2":"eng","name":"English","nativeName":"English"}],"translations":{"br":"India","pt":"Índia","nl":"India","hr":"Indija","fa":"هند","de":"Indien","es":"India","fr":"Inde","ja":"インド","it":"India","hu":"India"},"flag":"https://flagcdn.com/in.svg","regionalBlocs":[{"acronym":"SAARC","name":"South Asian Association for Regional Cooperation"}],"cioc":"IND","independent":true}
2023-01-06T07:29:03.178Z - [INFO   ] - {}
2023-01-06T07:29:03.234Z - [ERROR  ] - City Name must be alphabetic value.
2023-01-06T07:29:03.270Z - [ERROR  ] - [object Object]
2023-01-06T07:47:37.171Z - [INFO   ] - {"name":"India","topLevelDomain":[".in"],"alpha2Code":"IN","alpha3Code":"IND","callingCodes":["91"],"capital":"New Delhi","altSpellings":["IN","Bhārat","Republic of India","Bharat Ganrajya"],"subregion":"Southern Asia","region":"Asia","population":1380004385,"latlng":[20,77],"demonym":"Indian","area":3287590,"gini":35.7,"timezones":["UTC+05:30"],"borders":["AFG","BGD","BTN","MMR","CHN","NPL","PAK","LKA"],"nativeName":"भारत","numericCode":"356","flags":{"svg":"https://flagcdn.com/in.svg","png":"https://flagcdn.com/w320/in.png"},"currencies":[{"code":"INR","name":"Indian rupee","symbol":"₹"}],"languages":[{"iso639_1":"hi","iso639_2":"hin","name":"Hindi","nativeName":"हिन्दी"},{"iso639_1":"en","iso639_2":"eng","name":"English","nativeName":"English"}],"translations":{"br":"India","pt":"Índia","nl":"India","hr":"Indija","fa":"هند","de":"Indien","es":"India","fr":"Inde","ja":"インド","it":"India","hu":"India"},"flag":"https://flagcdn.com/in.svg","regionalBlocs":[{"acronym":"SAARC","name":"South Asian Association for Regional Cooperation"}],"cioc":"IND","independent":true}
2023-01-06T07:47:37.174Z - [INFO   ] - {"location":{"name":"Hubli","region":"Karnataka","country":"India","lat":15.35,"lon":75.17,"tz_id":"Asia/Kolkata","localtime_epoch":1672930022,"localtime":"2023-01-05 20:17"},"current":{"last_updated_epoch":1672929900,"last_updated":"2023-01-05 20:15","temp_c":22.9,"temp_f":73.2,"is_day":0,"condition":{"text":"Clear","icon":"//cdn.weatherapi.com/weather/64x64/night/113.png","code":1000},"wind_mph":9.6,"wind_kph":15.5,"wind_degree":111,"wind_dir":"ESE","pressure_mb":1017,"pressure_in":30.02,"precip_mm":0,"precip_in":0,"humidity":47,"cloud":12,"feelslike_c":24.6,"feelslike_f":76.3,"vis_km":10,"vis_miles":6,"uv":1,"gust_mph":19.2,"gust_kph":31}}
2023-01-06T07:47:40.949Z - [INFO   ] - {}
2023-01-06T07:47:40.995Z - [ERROR  ] - City Name must be alphabetic value.
2023-01-06T07:47:41.034Z - [ERROR  ] - [object Object]
2023-01-06T07:49:05.200Z - [ERROR  ] - City Name must be alphabetic value.
2023-01-06T07:49:16.128Z - [ERROR  ] - Request failed with status code 400
2023-01-06T07:49:23.464Z - [INFO   ] - {"location":{"name":"Hubli","region":"Karnataka","country":"India","lat":15.35,"lon":75.17,"tz_id":"Asia/Kolkata","localtime_epoch":1672991393,"localtime":"2023-01-06 13:19"},"current":{"last_updated_epoch":1672991100,"last_updated":"2023-01-06 13:15","temp_c":29.8,"temp_f":85.6,"is_day":1,"condition":{"text":"Sunny","icon":"//cdn.weatherapi.com/weather/64x64/day/113.png","code":1000},"wind_mph":17.7,"wind_kph":28.4,"wind_degree":97,"wind_dir":"E","pressure_mb":1016,"pressure_in":29.99,"precip_mm":0,"precip_in":0,"humidity":38,"cloud":15,"feelslike_c":29.6,"feelslike_f":85.3,"vis_km":10,"vis_miles":6,"uv":7,"gust_mph":20.4,"gust_kph":32.8}}
2023-01-06T07:49:24.837Z - [INFO   ] - {"name":"India","topLevelDomain":[".in"],"alpha2Code":"IN","alpha3Code":"IND","callingCodes":["91"],"capital":"New Delhi","altSpellings":["IN","Bhārat","Republic of India","Bharat Ganrajya"],"subregion":"Southern Asia","region":"Asia","population":1380004385,"latlng":[20,77],"demonym":"Indian","area":3287590,"gini":35.7,"timezones":["UTC+05:30"],"borders":["AFG","BGD","BTN","MMR","CHN","NPL","PAK","LKA"],"nativeName":"भारत","numericCode":"356","flags":{"svg":"https://flagcdn.com/in.svg","png":"https://flagcdn.com/w320/in.png"},"currencies":[{"code":"INR","name":"Indian rupee","symbol":"₹"}],"languages":[{"iso639_1":"hi","iso639_2":"hin","name":"Hindi","nativeName":"हिन्दी"},{"iso639_1":"en","iso639_2":"eng","name":"English","nativeName":"English"}],"translations":{"br":"India","pt":"Índia","nl":"India","hr":"Indija","fa":"هند","de":"Indien","es":"India","fr":"Inde","ja":"インド","it":"India","hu":"India"},"flag":"https://flagcdn.com/in.svg","regionalBlocs":[{"acronym":"SAARC","name":"South Asian Association for Regional Cooperation"}],"cioc":"IND","independent":true}
2023-01-06T07:49:24.840Z - [INFO   ] - {"location":{"name":"Hubli","region":"Karnataka","country":"India","tz_id":"Asia/Kolkata","localtime":"2023-01-06 13:19"},"weatherInfo":{"temp_c":29.8,"temp_f":85.6,"condition":{"text":"Sunny","icon":"//cdn.weatherapi.com/weather/64x64/day/113.png","code":1000},"humidity":38},"countryInfo":{"name":"India","capital":"New Delhi","subregion":"Southern Asia","region":"Asia","population":1380004385,"currencies":[{"code":"INR","name":"Indian rupee","symbol":"₹"}]}}
2023-01-06T08:30:47.952Z - [INFO   ] - {"location":{"name":"Hubli","region":"Karnataka","country":"India","lat":15.35,"lon":75.17,"tz_id":"Asia/Kolkata","localtime_epoch":1672993878,"localtime":"2023-01-06 14:01"},"current":{"last_updated_epoch":1672993800,"last_updated":"2023-01-06 14:00","temp_c":31.5,"temp_f":88.7,"is_day":1,"condition":{"text":"Sunny","icon":"//cdn.weatherapi.com/weather/64x64/day/113.png","code":1000},"wind_mph":17,"wind_kph":27.4,"wind_degree":99,"wind_dir":"E","pressure_mb":1014,"pressure_in":29.96,"precip_mm":0,"precip_in":0,"humidity":36,"cloud":11,"feelslike_c":31.4,"feelslike_f":88.5,"vis_km":10,"vis_miles":6,"uv":8,"gust_mph":19.5,"gust_kph":31.3}}
2023-01-06T08:30:49.356Z - [INFO   ] - {"name":"India","topLevelDomain":[".in"],"alpha2Code":"IN","alpha3Code":"IND","callingCodes":["91"],"capital":"New Delhi","altSpellings":["IN","Bhārat","Republic of India","Bharat Ganrajya"],"subregion":"Southern Asia","region":"Asia","population":1380004385,"latlng":[20,77],"demonym":"Indian","area":3287590,"gini":35.7,"timezones":["UTC+05:30"],"borders":["AFG","BGD","BTN","MMR","CHN","NPL","PAK","LKA"],"nativeName":"भारत","numericCode":"356","flags":{"svg":"https://flagcdn.com/in.svg","png":"https://flagcdn.com/w320/in.png"},"currencies":[{"code":"INR","name":"Indian rupee","symbol":"₹"}],"languages":[{"iso639_1":"hi","iso639_2":"hin","name":"Hindi","nativeName":"हिन्दी"},{"iso639_1":"en","iso639_2":"eng","name":"English","nativeName":"English"}],"translations":{"br":"India","pt":"Índia","nl":"India","hr":"Indija","fa":"هند","de":"Indien","es":"India","fr":"Inde","ja":"インド","it":"India","hu":"India"},"flag":"https://flagcdn.com/in.svg","regionalBlocs":[{"acronym":"SAARC","name":"South Asian Association for Regional Cooperation"}],"cioc":"IND","independent":true}
2023-01-06T08:30:49.358Z - [INFO   ] - {"location":{"name":"Hubli","region":"Karnataka","country":"India","tz_id":"Asia/Kolkata","localtime":"2023-01-06 14:01"},"weatherInfo":{"temp_c":31.5,"temp_f":88.7,"condition":{"text":"Sunny","icon":"//cdn.weatherapi.com/weather/64x64/day/113.png","code":1000},"humidity":36},"countryInfo":{"name":"India","capital":"New Delhi","subregion":"Southern Asia","region":"Asia","population":1380004385,"currencies":[{"code":"INR","name":"Indian rupee","symbol":"₹"}]}}
2023-01-06T08:36:47.857Z - [INFO   ] - {"name":"India","topLevelDomain":[".in"],"alpha2Code":"IN","alpha3Code":"IND","callingCodes":["91"],"capital":"New Delhi","altSpellings":["IN","Bhārat","Republic of India","Bharat Ganrajya"],"subregion":"Southern Asia","region":"Asia","population":1380004385,"latlng":[20,77],"demonym":"Indian","area":3287590,"gini":35.7,"timezones":["UTC+05:30"],"borders":["AFG","BGD","BTN","MMR","CHN","NPL","PAK","LKA"],"nativeName":"भारत","numericCode":"356","flags":{"svg":"https://flagcdn.com/in.svg","png":"https://flagcdn.com/w320/in.png"},"currencies":[{"code":"INR","name":"Indian rupee","symbol":"₹"}],"languages":[{"iso639_1":"hi","iso639_2":"hin","name":"Hindi","nativeName":"हिन्दी"},{"iso639_1":"en","iso639_2":"eng","name":"English","nativeName":"English"}],"translations":{"br":"India","pt":"Índia","nl":"India","hr":"Indija","fa":"هند","de":"Indien","es":"India","fr":"Inde","ja":"インド","it":"India","hu":"India"},"flag":"https://flagcdn.com/in.svg","regionalBlocs":[{"acronym":"SAARC","name":"South Asian Association for Regional Cooperation"}],"cioc":"IND","independent":true}
2023-01-06T08:36:48.017Z - [INFO   ] - {"location":{"name":"Hubli","region":"Karnataka","country":"India","lat":15.35,"lon":75.17,"tz_id":"Asia/Kolkata","localtime_epoch":1672930022,"localtime":"2023-01-05 20:17"},"current":{"last_updated_epoch":1672929900,"last_updated":"2023-01-05 20:15","temp_c":22.9,"temp_f":73.2,"is_day":0,"condition":{"text":"Clear","icon":"//cdn.weatherapi.com/weather/64x64/night/113.png","code":1000},"wind_mph":9.6,"wind_kph":15.5,"wind_degree":111,"wind_dir":"ESE","pressure_mb":1017,"pressure_in":30.02,"precip_mm":0,"precip_in":0,"humidity":47,"cloud":12,"feelslike_c":24.6,"feelslike_f":76.3,"vis_km":10,"vis_miles":6,"uv":1,"gust_mph":19.2,"gust_kph":31}}
2023-01-06T08:36:50.902Z - [INFO   ] - {}
2023-01-06T08:36:50.950Z - [ERROR  ] - City Name must be alphabetic value.
2023-01-06T08:36:50.982Z - [ERROR  ] - [object Object]
2023-01-20T05:43:29.010Z - [INFO   ] - {"location":{"name":"Hubli","region":"Karnataka","country":"India","lat":15.35,"lon":75.17,"tz_id":"Asia/Kolkata","localtime_epoch":1674193410,"localtime":"2023-01-20 11:13"},"current":{"last_updated_epoch":1674192600,"last_updated":"2023-01-20 11:00","temp_c":28.4,"temp_f":83.1,"is_day":1,"condition":{"text":"Sunny","icon":"//cdn.weatherapi.com/weather/64x64/day/113.png","code":1000},"wind_mph":11,"wind_kph":17.6,"wind_degree":117,"wind_dir":"ESE","pressure_mb":1016,"pressure_in":29.99,"precip_mm":0,"precip_in":0,"humidity":27,"cloud":0,"feelslike_c":27,"feelslike_f":80.6,"vis_km":10,"vis_miles":6,"uv":7,"gust_mph":12.5,"gust_kph":20.2}}
2023-01-20T05:43:30.287Z - [INFO   ] - {"name":"India","topLevelDomain":[".in"],"alpha2Code":"IN","alpha3Code":"IND","callingCodes":["91"],"capital":"New Delhi","altSpellings":["IN","Bhārat","Republic of India","Bharat Ganrajya"],"subregion":"Southern Asia","region":"Asia","population":1380004385,"latlng":[20,77],"demonym":"Indian","area":3287590,"gini":35.7,"timezones":["UTC+05:30"],"borders":["AFG","BGD","BTN","MMR","CHN","NPL","PAK","LKA"],"nativeName":"भारत","numericCode":"356","flags":{"svg":"https://flagcdn.com/in.svg","png":"https://flagcdn.com/w320/in.png"},"currencies":[{"code":"INR","name":"Indian rupee","symbol":"₹"}],"languages":[{"iso639_1":"hi","iso639_2":"hin","name":"Hindi","nativeName":"हिन्दी"},{"iso639_1":"en","iso639_2":"eng","name":"English","nativeName":"English"}],"translations":{"br":"India","pt":"Índia","nl":"India","hr":"Indija","fa":"هند","de":"Indien","es":"India","fr":"Inde","ja":"インド","it":"India","hu":"India"},"flag":"https://flagcdn.com/in.svg","regionalBlocs":[{"acronym":"SAARC","name":"South Asian Association for Regional Cooperation"}],"cioc":"IND","independent":true}
2023-01-20T05:43:30.291Z - [INFO   ] - {"location":{"name":"Hubli","region":"Karnataka","country":"India","tz_id":"Asia/Kolkata","localtime":"2023-01-20 11:13"},"weatherInfo":{"temp_c":28.4,"temp_f":83.1,"condition":{"text":"Sunny","icon":"//cdn.weatherapi.com/weather/64x64/day/113.png","code":1000},"humidity":27},"countryInfo":{"name":"India","capital":"New Delhi","subregion":"Southern Asia","region":"Asia","population":1380004385,"currencies":[{"code":"INR","name":"Indian rupee","symbol":"₹"}]}}
